<?xml version="1.0" encoding="UTF-8"?>
<testsuite name="MainTest" tests="1" skipped="0" failures="0" errors="0" timestamp="2022-11-11T16:20:48" hostname="NTB-LUCASG" time="0.029">
  <properties/>
  <testcase name="exception()" classname="MainTest" time="0.029"/>
  <system-out><![CDATA[]]></system-out>
  <system-err><![CDATA[]]></system-err>
</testsuite>
